Type of submit_feed_response: <type 'str'>
Type of conn: <class 'boto.mws.connection.MWSConnection'>
Type of submit_feed_response: <type 'str'>
Value of submit_feed_response: <?xml version="1.0"?>
<SubmitFeedResponse xmlns="http://mws.amazonaws.com/doc/2009-01-01/"><SubmitFeedResult><FeedSubmissionInfo><FeedSubmissionId>383188017312</FeedSubmissionId><FeedType>_POST_PRODUCT_DATA_</FeedType><SubmittedDate>2017-05-26T19:33:34+00:00</SubmittedDate><FeedProcessingStatus>_SUBMITTED_</FeedProcessingStatus></FeedSubmissionInfo></SubmitFeedResult><ResponseMetadata><RequestId>fff47ad4-f97a-4b0c-8b32-a1be98c6d988</RequestId></ResponseMetadata></SubmitFeedResponse>
Type of conn: <class 'boto.mws.connection.MWSConnection'>
Type of submit_feed_response (original): <class 'boto.mws.response.SubmitFeedResponse'>
Type of submit_feed_response (original): <class 'boto.mws.response.SubmitFeedResponse'>
Value of submit_feed_response: SubmitFeedResponse{u'xmlns': u'http://mws.amazonaws.com/doc/2009-01-01/'}(SubmitFeedResult: SubmitFeedResult{}(FeedSubmissionInfo: FeedSubmissionInfo{}(FeedType: u'_POST_PRODUCT_DATA_', FeedProcessingStatus: u'_SUBMITTED_', SubmittedDate: u'2017-05-26T19:46:33+00:00', FeedSubmissionId: u'383196017312')), ResponseMetadata: ^ResponseMetadata^{}(RequestId: u'b757acea-7ddf-4fd8-9176-a8b1d6f27f27'))
Type of conn: <class 'boto.mws.connection.MWSConnection'>
Type of submit_feed_response (original): <class 'boto.mws.response.SubmitFeedResponse'>
Value of submit_feed_response: SubmitFeedResponse{u'xmlns': u'http://mws.amazonaws.com/doc/2009-01-01/'}(SubmitFeedResult: SubmitFeedResult{}(FeedSubmissionInfo: FeedSubmissionInfo{}(FeedType: u'_POST_PRODUCT_DATA_', FeedProcessingStatus: u'_SUBMITTED_', SubmittedDate: u'2017-05-26T21:34:14+00:00', FeedSubmissionId: u'383228017312')), ResponseMetadata: ^ResponseMetadata^{}(RequestId: u'645582e6-6d1f-45dd-849a-58718ce93b17'))
Type of conn: <class 'boto.mws.connection.MWSConnection'>
Type of submit_feed_response: <type 'str'>
Type of submit_feed_response (original): <class 'boto.mws.response.SubmitFeedResponse'>
Value of submit_feed_response: SubmitFeedResponse{u'xmlns': u'http://mws.amazonaws.com/doc/2009-01-01/'}(SubmitFeedResult: SubmitFeedResult{}(FeedSubmissionInfo: FeedSubmissionInfo{}(FeedType: u'_POST_PRODUCT_DATA_', FeedProcessingStatus: u'_SUBMITTED_', SubmittedDate: u'2017-05-26T21:40:40+00:00', FeedSubmissionId: u'383235017312')), ResponseMetadata: ^ResponseMetadata^{}(RequestId: u'8b06cdc7-07bb-4470-b5dd-451a3c80ae17'))
Type of conn: <class 'boto.mws.connection.MWSConnection'>
Type of submit_feed_response (original): <class 'boto.mws.response.SubmitFeedResponse'>
Value of submit_feed_response: SubmitFeedResponse{u'xmlns': u'http://mws.amazonaws.com/doc/2009-01-01/'}(SubmitFeedResult: SubmitFeedResult{}(FeedSubmissionInfo: FeedSubmissionInfo{}(FeedType: u'_POST_PRODUCT_DATA_', FeedProcessingStatus: u'_SUBMITTED_', SubmittedDate: u'2017-05-30T15:55:55+00:00', FeedSubmissionId: u'384747017316')), ResponseMetadata: ^ResponseMetadata^{}(RequestId: u'41c71297-8f8f-4b99-a3e8-ec601d9e7430'))
Type of conn: <class 'boto.mws.connection.MWSConnection'>
Type of submit_feed_response (original): <class 'boto.mws.response.SubmitFeedResponse'>
Value of submit_feed_response: SubmitFeedResponse{u'xmlns': u'http://mws.amazonaws.com/doc/2009-01-01/'}(SubmitFeedResult: SubmitFeedResult{}(FeedSubmissionInfo: FeedSubmissionInfo{}(FeedType: u'_POST_PRODUCT_IMAGE_DATA_', FeedProcessingStatus: u'_SUBMITTED_', SubmittedDate: u'2017-05-30T16:01:24+00:00', FeedSubmissionId: u'384749017316')), ResponseMetadata: ^ResponseMetadata^{}(RequestId: u'511453a4-d0af-4355-bbb9-94df818fe383'))
Type of conn: <class 'boto.mws.connection.MWSConnection'>
Type of submit_feed_response (original): <class 'boto.mws.response.SubmitFeedResponse'>
Value of submit_feed_response: SubmitFeedResponse{u'xmlns': u'http://mws.amazonaws.com/doc/2009-01-01/'}(SubmitFeedResult: SubmitFeedResult{}(FeedSubmissionInfo: FeedSubmissionInfo{}(FeedType: u'_POST_PRODUCT_IMAGE_DATA_', FeedProcessingStatus: u'_SUBMITTED_', SubmittedDate: u'2017-05-30T16:27:13+00:00', FeedSubmissionId: u'384762017316')), ResponseMetadata: ^ResponseMetadata^{}(RequestId: u'2fd20bee-cac8-4fdc-ad3f-6704ce6f4964'))
Type of conn: <class 'boto.mws.connection.MWSConnection'>
Type of submit_feed_response (original): <class 'boto.mws.response.SubmitFeedResponse'>
Value of submit_feed_response: SubmitFeedResponse{u'xmlns': u'http://mws.amazonaws.com/doc/2009-01-01/'}(SubmitFeedResult: SubmitFeedResult{}(FeedSubmissionInfo: FeedSubmissionInfo{}(FeedType: u'_POST_PRODUCT_IMAGE_DATA_', FeedProcessingStatus: u'_SUBMITTED_', SubmittedDate: u'2017-05-30T16:33:16+00:00', FeedSubmissionId: u'384766017316')), ResponseMetadata: ^ResponseMetadata^{}(RequestId: u'f104bdc2-452e-48aa-827f-fb7d01cb262e'))
Type of conn: <class 'boto.mws.connection.MWSConnection'>
Type of submit_feed_response (original): <type 'str'>
Value of submit_feed_response: <?xml version="1.0"?>
<SubmitFeedResponse xmlns="http://mws.amazonaws.com/doc/2009-01-01/"><SubmitFeedResult><FeedSubmissionInfo><FeedSubmissionId>384768017316</FeedSubmissionId><FeedType>_POST_PRODUCT_IMAGE_DATA_</FeedType><SubmittedDate>2017-05-30T16:34:29+00:00</SubmittedDate><FeedProcessingStatus>_SUBMITTED_</FeedProcessingStatus></FeedSubmissionInfo></SubmitFeedResult><ResponseMetadata><RequestId>a0aa8ec4-f386-4bb1-ab4c-2891dc39a454</RequestId></ResponseMetadata></SubmitFeedResponse>
Type of conn: <class 'boto.mws.connection.MWSConnection'>
Type of submit_feed_response (original): <class 'boto.mws.response.SubmitFeedResponse'>
Value of submit_feed_response: SubmitFeedResponse{u'xmlns': u'http://mws.amazonaws.com/doc/2009-01-01/'}(SubmitFeedResult: SubmitFeedResult{}(FeedSubmissionInfo: FeedSubmissionInfo{}(FeedType: u'_POST_PRODUCT_IMAGE_DATA_', FeedProcessingStatus: u'_SUBMITTED_', SubmittedDate: u'2017-05-30T16:38:23+00:00', FeedSubmissionId: u'384771017316')), ResponseMetadata: ^ResponseMetadata^{}(RequestId: u'b58c88d4-abe1-449d-825d-57e5b16968bc'))
Type of conn: <class 'boto.mws.connection.MWSConnection'>
Type of submit_feed_response (original): <type 'str'>
Value of submit_feed_response: <?xml version="1.0"?>
<SubmitFeedResponse xmlns="http://mws.amazonaws.com/doc/2009-01-01/"><SubmitFeedResult><FeedSubmissionInfo><FeedSubmissionId>384772017316</FeedSubmissionId><FeedType>_POST_PRODUCT_IMAGE_DATA_</FeedType><SubmittedDate>2017-05-30T16:39:22+00:00</SubmittedDate><FeedProcessingStatus>_SUBMITTED_</FeedProcessingStatus></FeedSubmissionInfo></SubmitFeedResult><ResponseMetadata><RequestId>fd852334-66a3-4a74-9c22-a5e0abf0d588</RequestId></ResponseMetadata></SubmitFeedResponse>
Type of conn: <class 'boto.mws.connection.MWSConnection'>
Type of submit_feed_response (original): <class 'boto.mws.response.SubmitFeedResponse'>
Value of submit_feed_response: SubmitFeedResponse{u'xmlns': u'http://mws.amazonaws.com/doc/2009-01-01/'}(SubmitFeedResult: SubmitFeedResult{}(FeedSubmissionInfo: FeedSubmissionInfo{}(FeedType: u'_POST_PRODUCT_IMAGE_DATA_', FeedProcessingStatus: u'_SUBMITTED_', SubmittedDate: u'2017-05-30T16:40:54+00:00', FeedSubmissionId: u'384775017316')), ResponseMetadata: ^ResponseMetadata^{}(RequestId: u'2c22b85e-b23e-479f-84ee-cb95b1a94820'))
Type of conn: <class 'boto.mws.connection.MWSConnection'>
Type of submit_feed_response (original): <type 'str'>
Value of submit_feed_response: <?xml version="1.0"?>
<SubmitFeedResponse xmlns="http://mws.amazonaws.com/doc/2009-01-01/"><SubmitFeedResult><FeedSubmissionInfo><FeedSubmissionId>384777017316</FeedSubmissionId><FeedType>_POST_PRODUCT_IMAGE_DATA_</FeedType><SubmittedDate>2017-05-30T16:43:31+00:00</SubmittedDate><FeedProcessingStatus>_SUBMITTED_</FeedProcessingStatus></FeedSubmissionInfo></SubmitFeedResult><ResponseMetadata><RequestId>0d6ed098-4dd1-4926-a383-5e4d10b22ee1</RequestId></ResponseMetadata></SubmitFeedResponse>
Type of conn: <class 'boto.mws.connection.MWSConnection'>
Type of submit_feed_response (original): <class 'boto.mws.response.SubmitFeedResponse'>
Value of submit_feed_response: SubmitFeedResponse{u'xmlns': u'http://mws.amazonaws.com/doc/2009-01-01/'}(SubmitFeedResult: SubmitFeedResult{}(FeedSubmissionInfo: FeedSubmissionInfo{}(FeedType: u'_POST_PRODUCT_IMAGE_DATA_', FeedProcessingStatus: u'_SUBMITTED_', SubmittedDate: u'2017-05-30T16:44:10+00:00', FeedSubmissionId: u'384780017316')), ResponseMetadata: ^ResponseMetadata^{}(RequestId: u'b4017959-4a82-45ad-adb9-19e3e8818424'))
Type of conn: <class 'boto.mws.connection.MWSConnection'>
Type of submit_feed_response (original): <type 'str'>
Value of submit_feed_response: <?xml version="1.0"?>
<SubmitFeedResponse xmlns="http://mws.amazonaws.com/doc/2009-01-01/"><SubmitFeedResult><FeedSubmissionInfo><FeedSubmissionId>384782017316</FeedSubmissionId><FeedType>_POST_PRODUCT_IMAGE_DATA_</FeedType><SubmittedDate>2017-05-30T16:46:20+00:00</SubmittedDate><FeedProcessingStatus>_SUBMITTED_</FeedProcessingStatus></FeedSubmissionInfo></SubmitFeedResult><ResponseMetadata><RequestId>ed733ec1-bc97-4f47-82e7-459ca65af882</RequestId></ResponseMetadata></SubmitFeedResponse>
Type of conn: <class 'boto.mws.connection.MWSConnection'>
Type of submit_feed_response (original): <class 'boto.mws.response.SubmitFeedResponse'>
Value of submit_feed_response: SubmitFeedResponse{u'xmlns': u'http://mws.amazonaws.com/doc/2009-01-01/'}(SubmitFeedResult: SubmitFeedResult{}(FeedSubmissionInfo: FeedSubmissionInfo{}(FeedType: u'_POST_PRODUCT_IMAGE_DATA_', FeedProcessingStatus: u'_SUBMITTED_', SubmittedDate: u'2017-05-30T16:47:00+00:00', FeedSubmissionId: u'384785017316')), ResponseMetadata: ^ResponseMetadata^{}(RequestId: u'764af86e-6ca9-4eed-88f5-495ee302347b'))
Type of conn: <class 'boto.mws.connection.MWSConnection'>
Type of submit_feed_response (original): <type 'str'>
Value of submit_feed_response: <?xml version="1.0"?>
<SubmitFeedResponse xmlns="http://mws.amazonaws.com/doc/2009-01-01/"><SubmitFeedResult><FeedSubmissionInfo><FeedSubmissionId>384787017316</FeedSubmissionId><FeedType>_POST_PRODUCT_IMAGE_DATA_</FeedType><SubmittedDate>2017-05-30T16:48:30+00:00</SubmittedDate><FeedProcessingStatus>_SUBMITTED_</FeedProcessingStatus></FeedSubmissionInfo></SubmitFeedResult><ResponseMetadata><RequestId>77d13fdd-378b-4f9a-bb93-8412694b8b9d</RequestId></ResponseMetadata></SubmitFeedResponse>
Type of conn: <class 'boto.mws.connection.MWSConnection'>
Type of submit_feed_response (original): <class 'boto.mws.response.SubmitFeedResponse'>
Value of submit_feed_response: SubmitFeedResponse{u'xmlns': u'http://mws.amazonaws.com/doc/2009-01-01/'}(SubmitFeedResult: SubmitFeedResult{}(FeedSubmissionInfo: FeedSubmissionInfo{}(FeedType: u'_POST_PRODUCT_IMAGE_DATA_', FeedProcessingStatus: u'_SUBMITTED_', SubmittedDate: u'2017-05-30T16:49:04+00:00', FeedSubmissionId: u'384790017316')), ResponseMetadata: ^ResponseMetadata^{}(RequestId: u'1f4d2707-418f-447e-9153-36d68cf4365a'))
Type of conn: <class 'boto.mws.connection.MWSConnection'>
Type of submit_feed_response (original): <type 'str'>
Value of submit_feed_response: <?xml version="1.0"?>
<SubmitFeedResponse xmlns="http://mws.amazonaws.com/doc/2009-01-01/"><SubmitFeedResult><FeedSubmissionInfo><FeedSubmissionId>384791017316</FeedSubmissionId><FeedType>_POST_PRODUCT_IMAGE_DATA_</FeedType><SubmittedDate>2017-05-30T16:50:32+00:00</SubmittedDate><FeedProcessingStatus>_SUBMITTED_</FeedProcessingStatus></FeedSubmissionInfo></SubmitFeedResult><ResponseMetadata><RequestId>79f362af-c0b0-4614-84b4-a0e9350cfb1f</RequestId></ResponseMetadata></SubmitFeedResponse>
Type of conn: <class 'boto.mws.connection.MWSConnection'>
Type of submit_feed_response: <type 'str'>
Value of submit_feed_response: <?xml version="1.0"?>
<SubmitFeedResponse xmlns="http://mws.amazonaws.com/doc/2009-01-01/"><SubmitFeedResult><FeedSubmissionInfo><FeedSubmissionId>384793017316</FeedSubmissionId><FeedType>_POST_PRODUCT_IMAGE_DATA_</FeedType><SubmittedDate>2017-05-30T16:50:36+00:00</SubmittedDate><FeedProcessingStatus>_SUBMITTED_</FeedProcessingStatus></FeedSubmissionInfo></SubmitFeedResult><ResponseMetadata><RequestId>74b44a59-b30f-44a0-acdf-aca34fd5cc6c</RequestId></ResponseMetadata></SubmitFeedResponse>
Type of conn: <class 'boto.mws.connection.MWSConnection'>
Type of submit_feed_response (original): <class 'boto.mws.response.SubmitFeedResponse'>
Value of submit_feed_response: SubmitFeedResponse{u'xmlns': u'http://mws.amazonaws.com/doc/2009-01-01/'}(SubmitFeedResult: SubmitFeedResult{}(FeedSubmissionInfo: FeedSubmissionInfo{}(FeedType: u'_POST_PRODUCT_IMAGE_DATA_', FeedProcessingStatus: u'_SUBMITTED_', SubmittedDate: u'2017-05-30T16:51:12+00:00', FeedSubmissionId: u'384794017316')), ResponseMetadata: ^ResponseMetadata^{}(RequestId: u'f10c1c81-3abf-4c74-aeca-eb3f252382d9'))
Type of conn: <class 'boto.mws.connection.MWSConnection'>
Type of submit_feed_response (original): <type 'str'>
Value of submit_feed_response: <?xml version="1.0"?>
<SubmitFeedResponse xmlns="http://mws.amazonaws.com/doc/2009-01-01/"><SubmitFeedResult><FeedSubmissionInfo><FeedSubmissionId>384795017316</FeedSubmissionId><FeedType>_POST_PRODUCT_IMAGE_DATA_</FeedType><SubmittedDate>2017-05-30T16:52:19+00:00</SubmittedDate><FeedProcessingStatus>_SUBMITTED_</FeedProcessingStatus></FeedSubmissionInfo></SubmitFeedResult><ResponseMetadata><RequestId>73099fe2-1ffb-449f-b446-ab9b8930f0b9</RequestId></ResponseMetadata></SubmitFeedResponse>
Type of conn: <class 'boto.mws.connection.MWSConnection'>
Type of f: <type 'str'>
Value of f: <?xml version="1.0"?>
<SubmitFeedResponse xmlns="http://mws.amazonaws.com/doc/2009-01-01/"><SubmitFeedResult><FeedSubmissionInfo><FeedSubmissionId>384797017316</FeedSubmissionId><FeedType>_POST_PRODUCT_IMAGE_DATA_</FeedType><SubmittedDate>2017-05-30T16:52:20+00:00</SubmittedDate><FeedProcessingStatus>_SUBMITTED_</FeedProcessingStatus></FeedSubmissionInfo></SubmitFeedResult><ResponseMetadata><RequestId>87d5122d-d51f-43b9-b40d-cb9eb20de2c9</RequestId></ResponseMetadata></SubmitFeedResponse>
Type of conn: <class 'boto.mws.connection.MWSConnection'>
Type of submit_feed_response (original): <class 'boto.mws.response.SubmitFeedResponse'>
Value of submit_feed_response: SubmitFeedResponse{u'xmlns': u'http://mws.amazonaws.com/doc/2009-01-01/'}(SubmitFeedResult: SubmitFeedResult{}(FeedSubmissionInfo: FeedSubmissionInfo{}(FeedType: u'_POST_PRODUCT_IMAGE_DATA_', FeedProcessingStatus: u'_SUBMITTED_', SubmittedDate: u'2017-05-30T17:28:10+00:00', FeedSubmissionId: u'384806017316')), ResponseMetadata: ^ResponseMetadata^{}(RequestId: u'f6503be9-c5b4-432d-b55c-b60cc4d611f3'))
Type of conn: <class 'boto.mws.connection.MWSConnection'>
Type of submit_feed_response (original): <type 'str'>
Value of submit_feed_response: <?xml version="1.0"?>
<SubmitFeedResponse xmlns="http://mws.amazonaws.com/doc/2009-01-01/"><SubmitFeedResult><FeedSubmissionInfo><FeedSubmissionId>384807017316</FeedSubmissionId><FeedType>_POST_PRODUCT_IMAGE_DATA_</FeedType><SubmittedDate>2017-05-30T17:30:21+00:00</SubmittedDate><FeedProcessingStatus>_SUBMITTED_</FeedProcessingStatus></FeedSubmissionInfo></SubmitFeedResult><ResponseMetadata><RequestId>7a5281ac-dc8d-4878-8cba-6b24f4db0433</RequestId></ResponseMetadata></SubmitFeedResponse>
Type of conn: <class 'boto.mws.connection.MWSConnection'>
Type of f: <type 'str'>
Value of f: <?xml version="1.0"?>
<SubmitFeedResponse xmlns="http://mws.amazonaws.com/doc/2009-01-01/"><SubmitFeedResult><FeedSubmissionInfo><FeedSubmissionId>384809017316</FeedSubmissionId><FeedType>_POST_PRODUCT_IMAGE_DATA_</FeedType><SubmittedDate>2017-05-30T17:30:22+00:00</SubmittedDate><FeedProcessingStatus>_SUBMITTED_</FeedProcessingStatus></FeedSubmissionInfo></SubmitFeedResult><ResponseMetadata><RequestId>f3dbe910-d38a-476b-bdae-5aac0eac8cf7</RequestId></ResponseMetadata></SubmitFeedResponse>
Type of conn: <class 'boto.mws.connection.MWSConnection'>
Type of submit_feed_response (original): <class 'boto.mws.response.SubmitFeedResponse'>
Value of submit_feed_response: SubmitFeedResponse{u'xmlns': u'http://mws.amazonaws.com/doc/2009-01-01/'}(SubmitFeedResult: SubmitFeedResult{}(FeedSubmissionInfo: FeedSubmissionInfo{}(FeedType: u'_POST_PRODUCT_IMAGE_DATA_', FeedProcessingStatus: u'_SUBMITTED_', SubmittedDate: u'2017-05-30T17:32:03+00:00', FeedSubmissionId: u'384810017316')), ResponseMetadata: ^ResponseMetadata^{}(RequestId: u'f896df05-748e-4d7a-8752-45468329e7f1'))
Type of conn: <class 'boto.mws.connection.MWSConnection'>
Type of submit_feed_response (original): <type 'str'>
Value of submit_feed_response: <?xml version="1.0"?>
<SubmitFeedResponse xmlns="http://mws.amazonaws.com/doc/2009-01-01/"><SubmitFeedResult><FeedSubmissionInfo><FeedSubmissionId>384811017316</FeedSubmissionId><FeedType>_POST_PRODUCT_IMAGE_DATA_</FeedType><SubmittedDate>2017-05-30T17:32:07+00:00</SubmittedDate><FeedProcessingStatus>_SUBMITTED_</FeedProcessingStatus></FeedSubmissionInfo></SubmitFeedResult><ResponseMetadata><RequestId>0d3eace2-eeea-4b0c-b8a8-e273610ca757</RequestId></ResponseMetadata></SubmitFeedResponse>
Type of conn: <class 'boto.mws.connection.MWSConnection'>
Type of submit_feed_response (original): <class 'boto.mws.response.SubmitFeedResponse'>
Value of submit_feed_response: SubmitFeedResponse{u'xmlns': u'http://mws.amazonaws.com/doc/2009-01-01/'}(SubmitFeedResult: SubmitFeedResult{}(FeedSubmissionInfo: FeedSubmissionInfo{}(FeedType: u'_POST_PRODUCT_IMAGE_DATA_', FeedProcessingStatus: u'_SUBMITTED_', SubmittedDate: u'2017-05-30T17:32:51+00:00', FeedSubmissionId: u'384815017316')), ResponseMetadata: ^ResponseMetadata^{}(RequestId: u'cfea8d4e-fe85-46a0-84c6-f95f3a89133a'))
Type of conn: <class 'boto.mws.connection.MWSConnection'>
Type of submit_feed_response (original): <type 'str'>
Value of submit_feed_response: <?xml version="1.0"?>
<SubmitFeedResponse xmlns="http://mws.amazonaws.com/doc/2009-01-01/"><SubmitFeedResult><FeedSubmissionInfo><FeedSubmissionId>384816017316</FeedSubmissionId><FeedType>_POST_PRODUCT_IMAGE_DATA_</FeedType><SubmittedDate>2017-05-30T17:32:54+00:00</SubmittedDate><FeedProcessingStatus>_SUBMITTED_</FeedProcessingStatus></FeedSubmissionInfo></SubmitFeedResult><ResponseMetadata><RequestId>249f695b-e161-4a0d-ad9f-fcd31d2c2d1a</RequestId></ResponseMetadata></SubmitFeedResponse>
Type of conn: <class 'boto.mws.connection.MWSConnection'>
Type of f: <class 'boto.mws.response.SubmitFeedResponse'>
Type of submit_feed_response (original): <class 'boto.mws.response.SubmitFeedResponse'>
Value of submit_feed_response: SubmitFeedResponse{u'xmlns': u'http://mws.amazonaws.com/doc/2009-01-01/'}(SubmitFeedResult: SubmitFeedResult{}(FeedSubmissionInfo: FeedSubmissionInfo{}(FeedType: u'_POST_PRODUCT_IMAGE_DATA_', FeedProcessingStatus: u'_SUBMITTED_', SubmittedDate: u'2017-05-30T21:37:08+00:00', FeedSubmissionId: u'384894017316')), ResponseMetadata: ^ResponseMetadata^{}(RequestId: u'c713e2e7-0be5-44c6-b3f4-cb30cf8ca939'))
Type of conn: <class 'boto.mws.connection.MWSConnection'>
Type of submit_feed_response (original): <class 'boto.mws.response.SubmitFeedResponse'>
Value of submit_feed_response: SubmitFeedResponse{u'xmlns': u'http://mws.amazonaws.com/doc/2009-01-01/'}(SubmitFeedResult: SubmitFeedResult{}(FeedSubmissionInfo: FeedSubmissionInfo{}(FeedType: u'_POST_PRODUCT_IMAGE_DATA_', FeedProcessingStatus: u'_SUBMITTED_', SubmittedDate: u'2017-05-31T14:22:32+00:00', FeedSubmissionId: u'385171017317')), ResponseMetadata: ^ResponseMetadata^{}(RequestId: u'1fecd8df-1cbc-46cc-a323-802fed395882'))
Type of conn: <class 'boto.mws.connection.MWSConnection'>
Type of submit_feed_response (original): <class 'boto.mws.response.SubmitFeedResponse'>
Value of submit_feed_response: SubmitFeedResponse{u'xmlns': u'http://mws.amazonaws.com/doc/2009-01-01/'}(SubmitFeedResult: SubmitFeedResult{}(FeedSubmissionInfo: FeedSubmissionInfo{}(FeedType: u'_POST_PRODUCT_DATA_', FeedProcessingStatus: u'_SUBMITTED_', SubmittedDate: u'2017-05-31T15:50:32+00:00', FeedSubmissionId: u'385199017317')), ResponseMetadata: ^ResponseMetadata^{}(RequestId: u'2a328b9c-ba93-4cd0-91f2-12bdc261cc71'))
Type of conn: <class 'boto.mws.connection.MWSConnection'>
Type of submit_feed_response (original): <class 'boto.mws.response.SubmitFeedResponse'>
Value of submit_feed_response: SubmitFeedResponse{u'xmlns': u'http://mws.amazonaws.com/doc/2009-01-01/'}(SubmitFeedResult: SubmitFeedResult{}(FeedSubmissionInfo: FeedSubmissionInfo{}(FeedType: u'_POST_PRODUCT_RELATIONSHIP_DATA_', FeedProcessingStatus: u'_SUBMITTED_', SubmittedDate: u'2017-05-31T15:57:29+00:00', FeedSubmissionId: u'385202017317')), ResponseMetadata: ^ResponseMetadata^{}(RequestId: u'0d62a65e-5b57-47ba-a70f-0312d1c3d50d'))
Type of conn: <class 'boto.mws.connection.MWSConnection'>
Type of submit_feed_response (original): <class 'boto.mws.response.SubmitFeedResponse'>
Value of submit_feed_response: SubmitFeedResponse{u'xmlns': u'http://mws.amazonaws.com/doc/2009-01-01/'}(SubmitFeedResult: SubmitFeedResult{}(FeedSubmissionInfo: FeedSubmissionInfo{}(FeedType: u'_POST_PRODUCT_IMAGE_DATA_', FeedProcessingStatus: u'_SUBMITTED_', SubmittedDate: u'2017-05-31T16:08:23+00:00', FeedSubmissionId: u'385207017317')), ResponseMetadata: ^ResponseMetadata^{}(RequestId: u'6967a075-fd79-48c6-a978-6e4a2201198f'))
Type of conn: <class 'boto.mws.connection.MWSConnection'>
Type of submit_feed_response (original): <class 'boto.mws.response.SubmitFeedResponse'>
Value of submit_feed_response: SubmitFeedResponse{u'xmlns': u'http://mws.amazonaws.com/doc/2009-01-01/'}(SubmitFeedResult: SubmitFeedResult{}(FeedSubmissionInfo: FeedSubmissionInfo{}(FeedType: u'_POST_PRODUCT_IMAGE_DATA_', FeedProcessingStatus: u'_SUBMITTED_', SubmittedDate: u'2017-05-31T16:17:13+00:00', FeedSubmissionId: u'385211017317')), ResponseMetadata: ^ResponseMetadata^{}(RequestId: u'571d4cde-9378-44c2-b93d-8c566cacb4f0'))
Type of conn: <class 'boto.mws.connection.MWSConnection'>
Type of submit_feed_response (original): <class 'boto.mws.response.SubmitFeedResponse'>
Value of submit_feed_response: SubmitFeedResponse{u'xmlns': u'http://mws.amazonaws.com/doc/2009-01-01/'}(SubmitFeedResult: SubmitFeedResult{}(FeedSubmissionInfo: FeedSubmissionInfo{}(FeedType: u'_POST_PRODUCT_PRICING_DATA_', FeedProcessingStatus: u'_SUBMITTED_', SubmittedDate: u'2017-05-31T16:27:47+00:00', FeedSubmissionId: u'385216017317')), ResponseMetadata: ^ResponseMetadata^{}(RequestId: u'97852cd2-9760-4bba-b7aa-d4583b2cd1ac'))
Type of conn: <class 'boto.mws.connection.MWSConnection'>
Type of submit_feed_response (original): <class 'boto.mws.response.SubmitFeedResponse'>
Value of submit_feed_response: SubmitFeedResponse{u'xmlns': u'http://mws.amazonaws.com/doc/2009-01-01/'}(SubmitFeedResult: SubmitFeedResult{}(FeedSubmissionInfo: FeedSubmissionInfo{}(FeedType: u'_POST_PRODUCT_PRICING_DATA_', FeedProcessingStatus: u'_SUBMITTED_', SubmittedDate: u'2017-05-31T19:31:49+00:00', FeedSubmissionId: u'385265017317')), ResponseMetadata: ^ResponseMetadata^{}(RequestId: u'4e6a2c36-a220-45a2-aaa5-64fbacbdd7a3'))
Type of conn: <class 'boto.mws.connection.MWSConnection'>
Type of submit_feed_response (original): <class 'boto.mws.response.SubmitFeedResponse'>
Value of submit_feed_response: SubmitFeedResponse{u'xmlns': u'http://mws.amazonaws.com/doc/2009-01-01/'}(SubmitFeedResult: SubmitFeedResult{}(FeedSubmissionInfo: FeedSubmissionInfo{}(FeedType: u'_POST_PRODUCT_PRICING_DATA_', FeedProcessingStatus: u'_SUBMITTED_', SubmittedDate: u'2017-05-31T19:32:19+00:00', FeedSubmissionId: u'385266017317')), ResponseMetadata: ^ResponseMetadata^{}(RequestId: u'97ee8d31-d78d-4059-a380-db8d0cbefa3f'))
Type of conn: <class 'boto.mws.connection.MWSConnection'>
Type of submit_feed_response (original): <class 'boto.mws.response.SubmitFeedResponse'>
Value of submit_feed_response: SubmitFeedResponse{u'xmlns': u'http://mws.amazonaws.com/doc/2009-01-01/'}(SubmitFeedResult: SubmitFeedResult{}(FeedSubmissionInfo: FeedSubmissionInfo{}(FeedType: u'_POST_PRODUCT_IMAGE_DATA_', FeedProcessingStatus: u'_SUBMITTED_', SubmittedDate: u'2017-06-01T17:01:48+00:00', FeedSubmissionId: u'385652017318')), ResponseMetadata: ^ResponseMetadata^{}(RequestId: u'769e8f05-3073-4f64-8959-496fd98923cc'))
Type of conn: <class 'boto.mws.connection.MWSConnection'>
Type of submit_feed_response (original): <class 'boto.mws.response.SubmitFeedResponse'>
Value of submit_feed_response: SubmitFeedResponse{u'xmlns': u'http://mws.amazonaws.com/doc/2009-01-01/'}(SubmitFeedResult: SubmitFeedResult{}(FeedSubmissionInfo: FeedSubmissionInfo{}(FeedType: u'_POST_PRODUCT_DATA_', FeedProcessingStatus: u'_SUBMITTED_', SubmittedDate: u'2017-06-01T17:13:54+00:00', FeedSubmissionId: u'385657017318')), ResponseMetadata: ^ResponseMetadata^{}(RequestId: u'4b85a67b-48e6-4643-836d-74b5631078b4'))
Type of conn: <class 'boto.mws.connection.MWSConnection'>
Type of submit_feed_response (original): <class 'boto.mws.response.SubmitFeedResponse'>
Value of submit_feed_response: SubmitFeedResponse{u'xmlns': u'http://mws.amazonaws.com/doc/2009-01-01/'}(SubmitFeedResult: SubmitFeedResult{}(FeedSubmissionInfo: FeedSubmissionInfo{}(FeedType: u'_POST_PRODUCT_DATA_', FeedProcessingStatus: u'_SUBMITTED_', SubmittedDate: u'2017-06-02T15:13:56+00:00', FeedSubmissionId: u'386034017319')), ResponseMetadata: ^ResponseMetadata^{}(RequestId: u'2750e16f-ba4e-4702-a5e7-602d8dc1b31a'))
Type of conn: <class 'boto.mws.connection.MWSConnection'>
Type of submit_feed_response (original): <class 'boto.mws.response.SubmitFeedResponse'>
Value of submit_feed_response: SubmitFeedResponse{u'xmlns': u'http://mws.amazonaws.com/doc/2009-01-01/'}(SubmitFeedResult: SubmitFeedResult{}(FeedSubmissionInfo: FeedSubmissionInfo{}(FeedType: u'_POST_PRODUCT_DATA_', FeedProcessingStatus: u'_SUBMITTED_', SubmittedDate: u'2017-06-02T15:58:03+00:00', FeedSubmissionId: u'386049017319')), ResponseMetadata: ^ResponseMetadata^{}(RequestId: u'73197a54-2264-4245-88af-c2bb08e5d2df'))
Type of conn: <class 'boto.mws.connection.MWSConnection'>
Type of submit_feed_response (original): <class 'boto.mws.response.SubmitFeedResponse'>
Value of submit_feed_response: SubmitFeedResponse{u'xmlns': u'http://mws.amazonaws.com/doc/2009-01-01/'}(SubmitFeedResult: SubmitFeedResult{}(FeedSubmissionInfo: FeedSubmissionInfo{}(FeedType: u'_POST_PRODUCT_DATA_', FeedProcessingStatus: u'_SUBMITTED_', SubmittedDate: u'2017-06-02T17:00:59+00:00', FeedSubmissionId: u'386067017319')), ResponseMetadata: ^ResponseMetadata^{}(RequestId: u'ea12f9cc-c2d6-45b5-817f-99b1bc917cd9'))
Type of conn: <class 'boto.mws.connection.MWSConnection'>
Type of submit_feed_response (original): <class 'boto.mws.response.SubmitFeedResponse'>
Value of submit_feed_response: SubmitFeedResponse{u'xmlns': u'http://mws.amazonaws.com/doc/2009-01-01/'}(SubmitFeedResult: SubmitFeedResult{}(FeedSubmissionInfo: FeedSubmissionInfo{}(FeedType: u'_POST_PRODUCT_RELATIONSHIP_DATA_', FeedProcessingStatus: u'_SUBMITTED_', SubmittedDate: u'2017-06-02T17:28:58+00:00', FeedSubmissionId: u'386076017319')), ResponseMetadata: ^ResponseMetadata^{}(RequestId: u'578d0513-5466-449c-a9cc-10fedd96d4e8'))
Type of conn: <class 'boto.mws.connection.MWSConnection'>
Type of submit_feed_response (original): <class 'boto.mws.response.SubmitFeedResponse'>
Value of submit_feed_response: SubmitFeedResponse{u'xmlns': u'http://mws.amazonaws.com/doc/2009-01-01/'}(SubmitFeedResult: SubmitFeedResult{}(FeedSubmissionInfo: FeedSubmissionInfo{}(FeedType: u'_POST_PRODUCT_DATA_', FeedProcessingStatus: u'_SUBMITTED_', SubmittedDate: u'2017-06-02T18:39:22+00:00', FeedSubmissionId: u'386096017319')), ResponseMetadata: ^ResponseMetadata^{}(RequestId: u'9b412ab3-94ea-4ae9-a317-c0a665849a31'))
Type of conn: <class 'boto.mws.connection.MWSConnection'>
Type of submit_feed_response (original): <class 'boto.mws.response.SubmitFeedResponse'>
Value of submit_feed_response: SubmitFeedResponse{u'xmlns': u'http://mws.amazonaws.com/doc/2009-01-01/'}(SubmitFeedResult: SubmitFeedResult{}(FeedSubmissionInfo: FeedSubmissionInfo{}(FeedType: u'_POST_PRODUCT_RELATIONSHIP_DATA_', FeedProcessingStatus: u'_SUBMITTED_', SubmittedDate: u'2017-06-02T18:49:49+00:00', FeedSubmissionId: u'386099017319')), ResponseMetadata: ^ResponseMetadata^{}(RequestId: u'8785c673-a3cc-43fe-92e3-bf086ea4179b'))
Type of conn: <class 'boto.mws.connection.MWSConnection'>
Type of submit_feed_response (original): <type 'str'>
Value of submit_feed_response: <?xml version="1.0"?>
<SubmitFeedResponse xmlns="http://mws.amazonaws.com/doc/2009-01-01/"><SubmitFeedResult><FeedSubmissionInfo><FeedSubmissionId>386101017319</FeedSubmissionId><FeedType>_POST_PRODUCT_DATA_</FeedType><SubmittedDate>2017-06-02T18:57:57+00:00</SubmittedDate><FeedProcessingStatus>_SUBMITTED_</FeedProcessingStatus></FeedSubmissionInfo></SubmitFeedResult><ResponseMetadata><RequestId>76c15641-f16d-45a4-9109-3fc9610eda8c</RequestId></ResponseMetadata></SubmitFeedResponse>
Type of conn: <class 'boto.mws.connection.MWSConnection'>
Type of f: <type 'str'>
Value of f: <?xml version="1.0"?>
<SubmitFeedResponse xmlns="http://mws.amazonaws.com/doc/2009-01-01/"><SubmitFeedResult><FeedSubmissionInfo><FeedSubmissionId>386103017319</FeedSubmissionId><FeedType>_POST_PRODUCT_DATA_</FeedType><SubmittedDate>2017-06-02T18:57:58+00:00</SubmittedDate><FeedProcessingStatus>_SUBMITTED_</FeedProcessingStatus></FeedSubmissionInfo></SubmitFeedResult><ResponseMetadata><RequestId>fbcbc6e6-efc0-4b01-9e2d-22d8a05817a2</RequestId></ResponseMetadata></SubmitFeedResponse>
Type of submit_feed_response (original): <class 'boto.mws.response.SubmitFeedResponse'>
Value of submit_feed_response: SubmitFeedResponse{u'xmlns': u'http://mws.amazonaws.com/doc/2009-01-01/'}(SubmitFeedResult: SubmitFeedResult{}(FeedSubmissionInfo: FeedSubmissionInfo{}(FeedType: u'_POST_PRODUCT_DATA_', FeedProcessingStatus: u'_SUBMITTED_', SubmittedDate: u'2017-06-02T18:58:10+00:00', FeedSubmissionId: u'386104017319')), ResponseMetadata: ^ResponseMetadata^{}(RequestId: u'af214245-7eb7-481e-9d22-967b2ab3f532'))
Type of conn: <class 'boto.mws.connection.MWSConnection'>
Type of submit_feed_response (original): <class 'boto.mws.response.SubmitFeedResponse'>
Value of submit_feed_response: SubmitFeedResponse{u'xmlns': u'http://mws.amazonaws.com/doc/2009-01-01/'}(SubmitFeedResult: SubmitFeedResult{}(FeedSubmissionInfo: FeedSubmissionInfo{}(FeedType: u'_POST_PRODUCT_RELATIONSHIP_DATA_', FeedProcessingStatus: u'_SUBMITTED_', SubmittedDate: u'2017-06-02T19:01:30+00:00', FeedSubmissionId: u'386106017319')), ResponseMetadata: ^ResponseMetadata^{}(RequestId: u'0e16a5ca-b01e-4cb0-b424-3431e7b5b03a'))
Type of conn: <class 'boto.mws.connection.MWSConnection'>
Type of submit_feed_response (original): <class 'boto.mws.response.SubmitFeedResponse'>
Value of submit_feed_response: SubmitFeedResponse{u'xmlns': u'http://mws.amazonaws.com/doc/2009-01-01/'}(SubmitFeedResult: SubmitFeedResult{}(FeedSubmissionInfo: FeedSubmissionInfo{}(FeedType: u'_POST_PRODUCT_RELATIONSHIP_DATA_', FeedProcessingStatus: u'_SUBMITTED_', SubmittedDate: u'2017-06-02T19:19:01+00:00', FeedSubmissionId: u'386113017319')), ResponseMetadata: ^ResponseMetadata^{}(RequestId: u'3f0c8409-31a3-4859-beab-60304646c688'))
Type of conn: <class 'boto.mws.connection.MWSConnection'>
Type of submit_feed_response (original): <class 'boto.mws.response.SubmitFeedResponse'>
Value of submit_feed_response: SubmitFeedResponse{u'xmlns': u'http://mws.amazonaws.com/doc/2009-01-01/'}(SubmitFeedResult: SubmitFeedResult{}(FeedSubmissionInfo: FeedSubmissionInfo{}(FeedType: u'_POST_PRODUCT_IMAGE_DATA_', FeedProcessingStatus: u'_SUBMITTED_', SubmittedDate: u'2017-06-02T19:43:30+00:00', FeedSubmissionId: u'386121017319')), ResponseMetadata: ^ResponseMetadata^{}(RequestId: u'481e4aad-1aaf-4ab3-b1b0-664917e5f0f4'))
Type of conn: <class 'boto.mws.connection.MWSConnection'>
Type of submit_feed_response (original): <class 'boto.mws.response.SubmitFeedResponse'>
Value of submit_feed_response: SubmitFeedResponse{u'xmlns': u'http://mws.amazonaws.com/doc/2009-01-01/'}(SubmitFeedResult: SubmitFeedResult{}(FeedSubmissionInfo: FeedSubmissionInfo{}(FeedType: u'_POST_PRODUCT_DATA_', FeedProcessingStatus: u'_SUBMITTED_', SubmittedDate: u'2017-06-02T20:25:09+00:00', FeedSubmissionId: u'386136017319')), ResponseMetadata: ^ResponseMetadata^{}(RequestId: u'37ccb896-0524-43df-9e80-2bfe8b97425b'))
Type of conn: <class 'boto.mws.connection.MWSConnection'>
Type of submit_feed_response (original): <class 'boto.mws.response.SubmitFeedResponse'>
Value of submit_feed_response: SubmitFeedResponse{u'xmlns': u'http://mws.amazonaws.com/doc/2009-01-01/'}(SubmitFeedResult: SubmitFeedResult{}(FeedSubmissionInfo: FeedSubmissionInfo{}(FeedType: u'_POST_PRODUCT_IMAGE_DATA_', FeedProcessingStatus: u'_SUBMITTED_', SubmittedDate: u'2017-06-02T20:38:43+00:00', FeedSubmissionId: u'386140017319')), ResponseMetadata: ^ResponseMetadata^{}(RequestId: u'2d3a8fac-5ee9-4a6b-96b7-6a1c982d10ac'))
Type of conn: <class 'boto.mws.connection.MWSConnection'>
Type of submit_feed_response (original): <class 'boto.mws.response.SubmitFeedResponse'>
Value of submit_feed_response: SubmitFeedResponse{u'xmlns': u'http://mws.amazonaws.com/doc/2009-01-01/'}(SubmitFeedResult: SubmitFeedResult{}(FeedSubmissionInfo: FeedSubmissionInfo{}(FeedType: u'_POST_PRODUCT_PRICING_DATA_', FeedProcessingStatus: u'_SUBMITTED_', SubmittedDate: u'2017-06-02T20:49:33+00:00', FeedSubmissionId: u'386143017319')), ResponseMetadata: ^ResponseMetadata^{}(RequestId: u'18f71901-3410-4ba8-9e07-a5fa1c9aca9d'))
Type of conn: <class 'boto.mws.connection.MWSConnection'>
Type of submit_feed_response (original): <class 'boto.mws.response.SubmitFeedResponse'>
Value of submit_feed_response: SubmitFeedResponse{u'xmlns': u'http://mws.amazonaws.com/doc/2009-01-01/'}(SubmitFeedResult: SubmitFeedResult{}(FeedSubmissionInfo: FeedSubmissionInfo{}(FeedType: u'_POST_PRODUCT_DATA_', FeedProcessingStatus: u'_SUBMITTED_', SubmittedDate: u'2017-06-05T13:22:52+00:00', FeedSubmissionId: u'387279017322')), ResponseMetadata: ^ResponseMetadata^{}(RequestId: u'2832c61e-d46b-4d0f-b790-9d103af68920'))
Type of conn: <class 'boto.mws.connection.MWSConnection'>
Type of submit_feed_response (original): <class 'boto.mws.response.SubmitFeedResponse'>
Value of submit_feed_response: SubmitFeedResponse{u'xmlns': u'http://mws.amazonaws.com/doc/2009-01-01/'}(SubmitFeedResult: SubmitFeedResult{}(FeedSubmissionInfo: FeedSubmissionInfo{}(FeedType: u'_POST_PRODUCT_DATA_', FeedProcessingStatus: u'_SUBMITTED_', SubmittedDate: u'2017-06-05T14:20:25+00:00', FeedSubmissionId: u'387281017322')), ResponseMetadata: ^ResponseMetadata^{}(RequestId: u'c973acf3-f333-43ca-9034-bc9fddf7b340'))
Type of conn: <class 'boto.mws.connection.MWSConnection'>
Type of submit_feed_response (original): <class 'boto.mws.response.SubmitFeedResponse'>
Value of submit_feed_response: SubmitFeedResponse{u'xmlns': u'http://mws.amazonaws.com/doc/2009-01-01/'}(SubmitFeedResult: SubmitFeedResult{}(FeedSubmissionInfo: FeedSubmissionInfo{}(FeedType: u'_POST_PRODUCT_DATA_', FeedProcessingStatus: u'_SUBMITTED_', SubmittedDate: u'2017-06-05T19:30:17+00:00', FeedSubmissionId: u'387300017322')), ResponseMetadata: ^ResponseMetadata^{}(RequestId: u'4856b9d7-88cf-4e56-9b0d-8f48c63c6218'))
Type of conn: <class 'boto.mws.connection.MWSConnection'>
Type of submit_feed_response (original): <class 'boto.mws.response.SubmitFeedResponse'>
Value of submit_feed_response: SubmitFeedResponse{u'xmlns': u'http://mws.amazonaws.com/doc/2009-01-01/'}(SubmitFeedResult: SubmitFeedResult{}(FeedSubmissionInfo: FeedSubmissionInfo{}(FeedType: u'_POST_PRODUCT_PRICING_DATA_', FeedProcessingStatus: u'_SUBMITTED_', SubmittedDate: u'2017-06-05T20:21:34+00:00', FeedSubmissionId: u'387311017322')), ResponseMetadata: ^ResponseMetadata^{}(RequestId: u'bc25d5bb-58e8-4bb4-bef2-8060f2d29c94'))
Type of conn: <class 'boto.mws.connection.MWSConnection'>
Type of submit_feed_response (original): <class 'boto.mws.response.SubmitFeedResponse'>
Value of submit_feed_response: SubmitFeedResponse{u'xmlns': u'http://mws.amazonaws.com/doc/2009-01-01/'}(SubmitFeedResult: SubmitFeedResult{}(FeedSubmissionInfo: FeedSubmissionInfo{}(FeedType: u'_POST_PRODUCT_PRICING_DATA_', FeedProcessingStatus: u'_SUBMITTED_', SubmittedDate: u'2017-06-06T13:14:04+00:00', FeedSubmissionId: u'387597017323')), ResponseMetadata: ^ResponseMetadata^{}(RequestId: u'14574e41-0591-4010-86d4-3e928e851b20'))
Type of conn: <class 'boto.mws.connection.MWSConnection'>
Type of submit_feed_response (original): <class 'boto.mws.response.SubmitFeedResponse'>
Value of submit_feed_response: SubmitFeedResponse{u'xmlns': u'http://mws.amazonaws.com/doc/2009-01-01/'}(SubmitFeedResult: SubmitFeedResult{}(FeedSubmissionInfo: FeedSubmissionInfo{}(FeedType: u'_POST_PRODUCT_DATA_', FeedProcessingStatus: u'_SUBMITTED_', SubmittedDate: u'2017-06-06T14:25:46+00:00', FeedSubmissionId: u'387620017323')), ResponseMetadata: ^ResponseMetadata^{}(RequestId: u'837c4d4c-0bd5-4c11-ac92-dacded6a8ab3'))
Type of conn: <class 'boto.mws.connection.MWSConnection'>
Type of submit_feed_response (original): <class 'boto.mws.response.SubmitFeedResponse'>
Value of submit_feed_response: SubmitFeedResponse{u'xmlns': u'http://mws.amazonaws.com/doc/2009-01-01/'}(SubmitFeedResult: SubmitFeedResult{}(FeedSubmissionInfo: FeedSubmissionInfo{}(FeedType: u'_POST_PRODUCT_IMAGE_DATA_', FeedProcessingStatus: u'_SUBMITTED_', SubmittedDate: u'2017-06-06T15:01:40+00:00', FeedSubmissionId: u'387628017323')), ResponseMetadata: ^ResponseMetadata^{}(RequestId: u'754edaf1-d503-4e68-aab0-d42274f45dac'))
Type of conn: <class 'boto.mws.connection.MWSConnection'>
Type of submit_feed_response (original): <class 'boto.mws.response.SubmitFeedResponse'>
Value of submit_feed_response: SubmitFeedResponse{u'xmlns': u'http://mws.amazonaws.com/doc/2009-01-01/'}(SubmitFeedResult: SubmitFeedResult{}(FeedSubmissionInfo: FeedSubmissionInfo{}(FeedType: u'_POST_PRODUCT_IMAGE_DATA_', FeedProcessingStatus: u'_SUBMITTED_', SubmittedDate: u'2017-06-06T15:05:43+00:00', FeedSubmissionId: u'387631017323')), ResponseMetadata: ^ResponseMetadata^{}(RequestId: u'5ee27630-9102-4993-a7b1-87648206cce7'))
Type of conn: <class 'boto.mws.connection.MWSConnection'>
Type of submit_feed_response (original): <class 'boto.mws.response.SubmitFeedResponse'>
Value of submit_feed_response: SubmitFeedResponse{u'xmlns': u'http://mws.amazonaws.com/doc/2009-01-01/'}(SubmitFeedResult: SubmitFeedResult{}(FeedSubmissionInfo: FeedSubmissionInfo{}(FeedType: u'_POST_PRODUCT_DATA_', FeedProcessingStatus: u'_SUBMITTED_', SubmittedDate: u'2017-06-06T16:47:31+00:00', FeedSubmissionId: u'387671017323')), ResponseMetadata: ^ResponseMetadata^{}(RequestId: u'3de18855-260c-4eef-8095-e221d1e1ad6e'))
Type of conn: <class 'boto.mws.connection.MWSConnection'>
Type of submit_feed_response (original): <class 'boto.mws.response.SubmitFeedResponse'>
Value of submit_feed_response: SubmitFeedResponse{u'xmlns': u'http://mws.amazonaws.com/doc/2009-01-01/'}(SubmitFeedResult: SubmitFeedResult{}(FeedSubmissionInfo: FeedSubmissionInfo{}(FeedType: u'_POST_PRODUCT_IMAGE_DATA_', FeedProcessingStatus: u'_SUBMITTED_', SubmittedDate: u'2017-06-06T16:57:17+00:00', FeedSubmissionId: u'387674017323')), ResponseMetadata: ^ResponseMetadata^{}(RequestId: u'c2cd8dd9-56fe-4d3a-996d-482ff76cc19e'))
Type of conn: <class 'boto.mws.connection.MWSConnection'>
Type of submit_feed_response (original): <class 'boto.mws.response.SubmitFeedResponse'>
Value of submit_feed_response: SubmitFeedResponse{u'xmlns': u'http://mws.amazonaws.com/doc/2009-01-01/'}(SubmitFeedResult: SubmitFeedResult{}(FeedSubmissionInfo: FeedSubmissionInfo{}(FeedType: u'_POST_PRODUCT_DATA_', FeedProcessingStatus: u'_SUBMITTED_', SubmittedDate: u'2017-06-06T17:25:15+00:00', FeedSubmissionId: u'387685017323')), ResponseMetadata: ^ResponseMetadata^{}(RequestId: u'c2964d02-aa9a-4b08-b005-9dfbeaac7099'))
Type of conn: <class 'boto.mws.connection.MWSConnection'>
Type of submit_feed_response (original): <class 'boto.mws.response.SubmitFeedResponse'>
Value of submit_feed_response: SubmitFeedResponse{u'xmlns': u'http://mws.amazonaws.com/doc/2009-01-01/'}(SubmitFeedResult: SubmitFeedResult{}(FeedSubmissionInfo: FeedSubmissionInfo{}(FeedType: u'_POST_PRODUCT_DATA_', FeedProcessingStatus: u'_SUBMITTED_', SubmittedDate: u'2017-06-06T17:38:56+00:00', FeedSubmissionId: u'387698017323')), ResponseMetadata: ^ResponseMetadata^{}(RequestId: u'79347003-b309-4ff2-a9ac-39b768144a56'))
Type of conn: <class 'boto.mws.connection.MWSConnection'>
Type of submit_feed_response (original): <class 'boto.mws.response.SubmitFeedResponse'>
Value of submit_feed_response: SubmitFeedResponse{u'xmlns': u'http://mws.amazonaws.com/doc/2009-01-01/'}(SubmitFeedResult: SubmitFeedResult{}(FeedSubmissionInfo: FeedSubmissionInfo{}(FeedType: u'_POST_PRODUCT_DATA_', FeedProcessingStatus: u'_SUBMITTED_', SubmittedDate: u'2017-06-06T17:43:10+00:00', FeedSubmissionId: u'387701017323')), ResponseMetadata: ^ResponseMetadata^{}(RequestId: u'6580b2be-fa2b-4076-87f9-dc7c14dd1171'))
Type of conn: <class 'boto.mws.connection.MWSConnection'>
Type of submit_feed_response (original): <class 'boto.mws.response.SubmitFeedResponse'>
Value of submit_feed_response: SubmitFeedResponse{u'xmlns': u'http://mws.amazonaws.com/doc/2009-01-01/'}(SubmitFeedResult: SubmitFeedResult{}(FeedSubmissionInfo: FeedSubmissionInfo{}(FeedType: u'_POST_PRODUCT_DATA_', FeedProcessingStatus: u'_SUBMITTED_', SubmittedDate: u'2017-06-06T20:16:46+00:00', FeedSubmissionId: u'387759017323')), ResponseMetadata: ^ResponseMetadata^{}(RequestId: u'44d3bb45-db22-418a-959a-3a8dd5d766e0'))
Type of conn: <class 'boto.mws.connection.MWSConnection'>
